<?xml version="1.0" encoding="UTF-8" ?>
<testsuite tests="4" failures="0" name="com.company.phonenumberinterpretationtest.PhoneNumberInterpreterTest" time="0.011" errors="0" skipped="0">
  <properties>
[...]
</properties>
  <testcase classname="com.company.phonenumberinterpretationtest.PhoneNumberInterpreterTest" name="testValidatePhoneNumberInvalid10Digits" time="0.009"/>
  <testcase classname="com.company.phonenumberinterpretationtest.PhoneNumberInterpreterTest" name="testInterpretNumberSequenceInvalidInput" time="0"/>
  <testcase classname="com.company.phonenumberinterpretationtest.PhoneNumberInterpreterTest" name="testValidatePhoneNumberValid10Digits" time="0"/>
  <testcase classname="com.company.phonenumberinterpretationtest.PhoneNumberInterpreterTest" name="testInterpretNumberSequenceValidInput" time="0.002"/>
</testsuite>